D:\PROIECT\C_PROGRAM\POKERPROJ\DEBUG\POKERPROJ.EXE
D:\PROIECT\C_PROGRAM\POKERPROJ\DEBUG\POKERPROJ.ILK
D:\PROIECT\C_PROGRAM\POKERPROJ\DEBUG\POKERPROJ.PDB
D:\Proiect\C_program\pokerProj\pokerProj\Debug\cl.command.1.tlog
D:\Proiect\C_program\pokerProj\pokerProj\Debug\CL.read.1.tlog
D:\Proiect\C_program\pokerProj\pokerProj\Debug\CL.write.1.tlog
D:\PROIECT\C_PROGRAM\POKERPROJ\POKERPROJ\DEBUG\DOUDIZHU.OBJ
D:\Proiect\C_program\pokerProj\pokerProj\Debug\link.4392.read.1.tlog
D:\Proiect\C_program\pokerProj\pokerProj\Debug\link.4392.write.1.tlog
D:\Proiect\C_program\pokerProj\pokerProj\Debug\link.4392-cvtres.read.1.tlog
D:\Proiect\C_program\pokerProj\pokerProj\Debug\link.4392-cvtres.write.1.tlog
D:\Proiect\C_program\pokerProj\pokerProj\Debug\link.7536.read.1.tlog
D:\Proiect\C_program\pokerProj\pokerProj\Debug\link.7536.write.1.tlog
D:\Proiect\C_program\pokerProj\pokerProj\Debug\link.7536-cvtres.read.1.tlog
D:\Proiect\C_program\pokerProj\pokerProj\Debug\link.7536-cvtres.write.1.tlog
D:\Proiect\C_program\pokerProj\pokerProj\Debug\link.9644.read.1.tlog
D:\Proiect\C_program\pokerProj\pokerProj\Debug\link.9644.write.1.tlog
D:\Proiect\C_program\pokerProj\pokerProj\Debug\link.9644-cvtres.read.1.tlog
D:\Proiect\C_program\pokerProj\pokerProj\Debug\link.9644-cvtres.write.1.tlog
D:\Proiect\C_program\pokerProj\pokerProj\Debug\link.9724.read.1.tlog
D:\Proiect\C_program\pokerProj\pokerProj\Debug\link.9724.write.1.tlog
D:\Proiect\C_program\pokerProj\pokerProj\Debug\link.9724-cvtres.read.1.tlog
D:\Proiect\C_program\pokerProj\pokerProj\Debug\link.9724-cvtres.write.1.tlog
D:\Proiect\C_program\pokerProj\pokerProj\Debug\link.command.1.tlog
D:\Proiect\C_program\pokerProj\pokerProj\Debug\link.read.1.tlog
D:\Proiect\C_program\pokerProj\pokerProj\Debug\link.write.1.tlog
D:\Proiect\C_program\pokerProj\pokerProj\Debug\link-cvtres.read.1.tlog
D:\Proiect\C_program\pokerProj\pokerProj\Debug\link-cvtres.write.1.tlog
D:\Proiect\C_program\pokerProj\pokerProj\Debug\mt.command.1.tlog
D:\Proiect\C_program\pokerProj\pokerProj\Debug\mt.read.1.tlog
D:\Proiect\C_program\pokerProj\pokerProj\Debug\mt.write.1.tlog
D:\PROIECT\C_PROGRAM\POKERPROJ\POKERPROJ\DEBUG\POKERPROJ.EXE.EMBED.MANIFEST
D:\PROIECT\C_PROGRAM\POKERPROJ\POKERPROJ\DEBUG\POKERPROJ.EXE.EMBED.MANIFEST.RES
D:\PROIECT\C_PROGRAM\POKERPROJ\POKERPROJ\DEBUG\POKERPROJ.EXE.INTERMEDIATE.MANIFEST
D:\PROIECT\C_PROGRAM\POKERPROJ\POKERPROJ\DEBUG\POKERPROJ.OBJ
D:\PROIECT\C_PROGRAM\POKERPROJ\POKERPROJ\DEBUG\POKERPROJ.PCH
D:\Proiect\C_program\pokerProj\pokerProj\Debug\pokerProj.vcxprojResolveAssemblyReference.cache
D:\Proiect\C_program\pokerProj\pokerProj\Debug\pokerProj.write.1.tlog
D:\Proiect\C_program\pokerProj\pokerProj\Debug\pokerProj_manifest.rc
D:\Proiect\C_program\pokerProj\pokerProj\Debug\rc.command.1.tlog
D:\Proiect\C_program\pokerProj\pokerProj\Debug\rc.read.1.tlog
D:\Proiect\C_program\pokerProj\pokerProj\Debug\rc.write.1.tlog
D:\PROIECT\C_PROGRAM\POKERPROJ\POKERPROJ\DEBUG\STDAFX.OBJ
D:\Proiect\C_program\pokerProj\pokerProj\Debug\vc100.idb
D:\PROIECT\C_PROGRAM\POKERPROJ\POKERPROJ\DEBUG\VC100.PDB
